0 info it worked if it ends with ok
1 verbose cli [ '/usr/bin/nodejs', '/usr/bin/npm', 'version', 'patch' ]
2 info using npm@3.5.2
3 info using node@v4.7.2
4 info git [ 'status', '--porcelain' ]
5 verbose stack Error: Git working directory not clean.
5 verbose stack D dist/menu.js
5 verbose stack M index.html
5 verbose stack M index.js
5 verbose stack D npm-debug.log
5 verbose stack M package.json
5 verbose stack     at /usr/share/npm/lib/version.js:172:21
5 verbose stack     at ChildProcess.exithandler (child_process.js:204:7)
5 verbose stack     at emitTwo (events.js:87:13)
5 verbose stack     at ChildProcess.emit (events.js:172:7)
5 verbose stack     at maybeClose (internal/child_process.js:854:16)
5 verbose stack     at Socket.<anonymous> (internal/child_process.js:330:11)
5 verbose stack     at emitOne (events.js:77:13)
5 verbose stack     at Socket.emit (events.js:169:7)
5 verbose stack     at Pipe._onclose (net.js:487:12)
6 verbose cwd /home/edgar/Development/menus
7 error Linux 4.10.0-19-generic
8 error argv "/usr/bin/nodejs" "/usr/bin/npm" "version" "patch"
9 error node v4.7.2
10 error npm  v3.5.2
11 error Git working directory not clean.
11 error D dist/menu.js
11 error M index.html
11 error M index.js
11 error D npm-debug.log
11 error M package.json
12 error If you need help, you may report this error at:
12 error     <https://github.com/npm/npm/issues>
13 verbose exit [ 1, true ]
